\BOOKMARK [-1][]{part.1}{\376\377\000I\000\040\000L\000i\000n\000e\000a\000r\000\040\000R\000e\000g\000r\000e\000s\000s\000i\000o\000n}{}% 1
\BOOKMARK [0][]{chapter.1}{\376\377\0001\000\040\000S\000i\000m\000p\000l\000e\000\040\000L\000i\000n\000e\000a\000r\000\040\000R\000e\000g\000r\000e\000s\000s\000i\000o\000n}{part.1}% 2
\BOOKMARK [1][]{section.1.1}{\376\377\0001\000.\0001\000\040\000I\000n\000t\000r\000o\000d\000u\000c\000t\000i\000o\000n}{chapter.1}% 3
\BOOKMARK [1][]{section.1.2}{\376\377\0001\000.\0002\000\040\000G\000e\000o\000m\000e\000t\000r\000i\000c\000\040\000I\000n\000t\000u\000i\000t\000i\000o\000n}{chapter.1}% 4
\BOOKMARK [1][]{section.1.3}{\376\377\0001\000.\0003\000\040\000M\000a\000t\000h\000e\000m\000a\000t\000i\000c\000a\000l\000\040\000F\000o\000r\000m\000u\000l\000a\000t\000i\000o\000n\000:\000\040\000O\000r\000d\000i\000n\000a\000r\000y\000\040\000L\000e\000a\000s\000t\000\040\000S\000q\000u\000a\000r\000e\000s\000\040\000\050\000O\000L\000S\000\051}{chapter.1}% 5
\BOOKMARK [1][]{section.1.4}{\376\377\0001\000.\0004\000\040\000E\000v\000a\000l\000u\000a\000t\000i\000o\000n\000\040\000M\000e\000t\000r\000i\000c\000s}{chapter.1}% 6
\BOOKMARK [1][]{section.1.5}{\376\377\0001\000.\0005\000\040\000I\000m\000p\000l\000e\000m\000e\000n\000t\000a\000t\000i\000o\000n\000\040\000f\000r\000o\000m\000\040\000S\000c\000r\000a\000t\000c\000h}{chapter.1}% 7
\BOOKMARK [1][]{section.1.6}{\376\377\0001\000.\0006\000\040\000I\000n\000t\000e\000r\000v\000i\000e\000w\000\040\000Q\000u\000e\000s\000t\000i\000o\000n\000s}{chapter.1}% 8
\BOOKMARK [0][]{chapter.2}{\376\377\0002\000\040\000G\000r\000a\000d\000i\000e\000n\000t\000\040\000D\000e\000s\000c\000e\000n\000t}{part.1}% 9
\BOOKMARK [1][]{section.2.1}{\376\377\0002\000.\0001\000\040\000I\000n\000t\000r\000o\000d\000u\000c\000t\000i\000o\000n}{chapter.2}% 10
\BOOKMARK [1][]{section.2.2}{\376\377\0002\000.\0002\000\040\000I\000n\000t\000u\000i\000t\000i\000o\000n\000:\000\040\000T\000h\000e\000\040\000H\000i\000k\000e\000r\000\040\000i\000n\000\040\000t\000h\000e\000\040\000V\000a\000l\000l\000e\000y}{chapter.2}% 11
\BOOKMARK [1][]{section.2.3}{\376\377\0002\000.\0003\000\040\000M\000a\000t\000h\000e\000m\000a\000t\000i\000c\000a\000l\000\040\000F\000o\000r\000m\000u\000l\000a\000t\000i\000o\000n}{chapter.2}% 12
\BOOKMARK [1][]{section.2.4}{\376\377\0002\000.\0004\000\040\000T\000h\000e\000\040\000R\000o\000l\000e\000\040\000o\000f\000\040\000L\000e\000a\000r\000n\000i\000n\000g\000\040\000R\000a\000t\000e\000\040\000\050\000\051}{chapter.2}% 13
\BOOKMARK [1][]{section.2.5}{\376\377\0002\000.\0005\000\040\000T\000y\000p\000e\000s\000\040\000o\000f\000\040\000G\000r\000a\000d\000i\000e\000n\000t\000\040\000D\000e\000s\000c\000e\000n\000t}{chapter.2}% 14
\BOOKMARK [1][]{section.2.6}{\376\377\0002\000.\0006\000\040\000I\000m\000p\000l\000e\000m\000e\000n\000t\000a\000t\000i\000o\000n\000\040\000f\000r\000o\000m\000\040\000S\000c\000r\000a\000t\000c\000h\000\040\000\050\000B\000a\000t\000c\000h\000\040\000G\000D\000\051}{chapter.2}% 15
\BOOKMARK [1][]{section.2.7}{\376\377\0002\000.\0007\000\040\000I\000n\000t\000e\000r\000v\000i\000e\000w\000\040\000Q\000u\000e\000s\000t\000i\000o\000n\000s}{chapter.2}% 16
\BOOKMARK [0][]{chapter.3}{\376\377\0003\000\040\000M\000u\000l\000t\000i\000p\000l\000e\000\040\000L\000i\000n\000e\000a\000r\000\040\000R\000e\000g\000r\000e\000s\000s\000i\000o\000n\000\040\000\046\000\040\000P\000o\000l\000y\000n\000o\000m\000i\000a\000l\000s}{part.1}% 17
\BOOKMARK [1][]{section.3.1}{\376\377\0003\000.\0001\000\040\000I\000n\000t\000r\000o\000d\000u\000c\000t\000i\000o\000n}{chapter.3}% 18
\BOOKMARK [1][]{section.3.2}{\376\377\0003\000.\0002\000\040\000G\000e\000o\000m\000e\000t\000r\000i\000c\000\040\000I\000n\000t\000u\000i\000t\000i\000o\000n}{chapter.3}% 19
\BOOKMARK [1][]{section.3.3}{\376\377\0003\000.\0003\000\040\000M\000a\000t\000h\000e\000m\000a\000t\000i\000c\000a\000l\000\040\000F\000o\000r\000m\000u\000l\000a\000t\000i\000o\000n}{chapter.3}% 20
\BOOKMARK [1][]{section.3.4}{\376\377\0003\000.\0004\000\040\000A\000d\000j\000u\000s\000t\000e\000d\000\040\000R\0002\000\040\000S\000c\000o\000r\000e}{chapter.3}% 21
\BOOKMARK [1][]{section.3.5}{\376\377\0003\000.\0005\000\040\000P\000o\000l\000y\000n\000o\000m\000i\000a\000l\000\040\000R\000e\000g\000r\000e\000s\000s\000i\000o\000n}{chapter.3}% 22
\BOOKMARK [1][]{section.3.6}{\376\377\0003\000.\0006\000\040\000P\000y\000t\000h\000o\000n\000\040\000I\000m\000p\000l\000e\000m\000e\000n\000t\000a\000t\000i\000o\000n\000\040\000\050\000P\000o\000l\000y\000n\000o\000m\000i\000a\000l\000\051}{chapter.3}% 23
\BOOKMARK [1][]{section.3.7}{\376\377\0003\000.\0007\000\040\000I\000n\000t\000e\000r\000v\000i\000e\000w\000\040\000Q\000u\000e\000s\000t\000i\000o\000n\000s}{chapter.3}% 24
\BOOKMARK [0][]{chapter.4}{\376\377\0004\000\040\000R\000e\000g\000u\000l\000a\000r\000i\000z\000a\000t\000i\000o\000n}{part.1}% 25
\BOOKMARK [1][]{section.4.1}{\376\377\0004\000.\0001\000\040\000T\000h\000e\000\040\000B\000i\000a\000s\000-\000V\000a\000r\000i\000a\000n\000c\000e\000\040\000T\000r\000a\000d\000e\000o\000f\000f}{chapter.4}% 26
\BOOKMARK [1][]{section.4.2}{\376\377\0004\000.\0002\000\040\000R\000i\000d\000g\000e\000\040\000R\000e\000g\000r\000e\000s\000s\000i\000o\000n\000\040\000\050\000L\0002\000\040\000R\000e\000g\000u\000l\000a\000r\000i\000z\000a\000t\000i\000o\000n\000\051}{chapter.4}% 27
\BOOKMARK [1][]{section.4.3}{\376\377\0004\000.\0003\000\040\000L\000a\000s\000s\000o\000\040\000R\000e\000g\000r\000e\000s\000s\000i\000o\000n\000\040\000\050\000L\0001\000\040\000R\000e\000g\000u\000l\000a\000r\000i\000z\000a\000t\000i\000o\000n\000\051}{chapter.4}% 28
\BOOKMARK [1][]{section.4.4}{\376\377\0004\000.\0004\000\040\000E\000l\000a\000s\000t\000i\000c\000\040\000N\000e\000t}{chapter.4}% 29
\BOOKMARK [1][]{section.4.5}{\376\377\0004\000.\0005\000\040\000P\000y\000t\000h\000o\000n\000\040\000I\000m\000p\000l\000e\000m\000e\000n\000t\000a\000t\000i\000o\000n}{chapter.4}% 30
\BOOKMARK [1][]{section.4.6}{\376\377\0004\000.\0006\000\040\000I\000n\000t\000e\000r\000v\000i\000e\000w\000\040\000Q\000u\000e\000s\000t\000i\000o\000n\000s}{chapter.4}% 31
\BOOKMARK [-1][]{part.2}{\376\377\000I\000I\000\040\000L\000o\000g\000i\000s\000t\000i\000c\000\040\000R\000e\000g\000r\000e\000s\000s\000i\000o\000n}{}% 32
\BOOKMARK [0][]{chapter.5}{\376\377\0005\000\040\000L\000o\000g\000i\000s\000t\000i\000c\000\040\000R\000e\000g\000r\000e\000s\000s\000i\000o\000n\000:\000\040\000I\000n\000t\000u\000i\000t\000i\000o\000n}{part.2}% 33
\BOOKMARK [1][]{section.5.1}{\376\377\0005\000.\0001\000\040\000I\000n\000t\000r\000o\000d\000u\000c\000t\000i\000o\000n}{chapter.5}% 34
\BOOKMARK [1][]{section.5.2}{\376\377\0005\000.\0002\000\040\000G\000e\000o\000m\000e\000t\000r\000i\000c\000\040\000I\000n\000t\000u\000i\000t\000i\000o\000n}{chapter.5}% 35
\BOOKMARK [1][]{section.5.3}{\376\377\0005\000.\0003\000\040\000T\000h\000e\000\040\000P\000e\000r\000c\000e\000p\000t\000r\000o\000n\000\040\000T\000r\000i\000c\000k\000\040\000\050\000P\000u\000s\000h\000\040\000a\000n\000d\000\040\000P\000u\000l\000l\000\051}{chapter.5}% 36
\BOOKMARK [1][]{section.5.4}{\376\377\0005\000.\0004\000\040\000T\000h\000e\000\040\000S\000o\000l\000u\000t\000i\000o\000n\000:\000\040\000S\000i\000g\000m\000o\000i\000d\000\040\000F\000u\000n\000c\000t\000i\000o\000n}{chapter.5}% 37
\BOOKMARK [1][]{section.5.5}{\376\377\0005\000.\0005\000\040\000I\000n\000t\000e\000r\000v\000i\000e\000w\000\040\000Q\000u\000e\000s\000t\000i\000o\000n\000s}{chapter.5}% 38
\BOOKMARK [0][]{chapter.6}{\376\377\0006\000\040\000T\000h\000e\000\040\000M\000a\000t\000h\000\040\000o\000f\000\040\000C\000l\000a\000s\000s\000i\000f\000i\000c\000a\000t\000i\000o\000n}{part.2}% 39
\BOOKMARK [1][]{section.6.1}{\376\377\0006\000.\0001\000\040\000W\000h\000y\000\040\000n\000o\000t\000\040\000M\000e\000a\000n\000\040\000S\000q\000u\000a\000r\000e\000d\000\040\000E\000r\000r\000o\000r\000\040\000\050\000M\000S\000E\000\051\000?}{chapter.6}% 40
\BOOKMARK [1][]{section.6.2}{\376\377\0006\000.\0002\000\040\000M\000a\000x\000i\000m\000u\000m\000\040\000L\000i\000k\000e\000l\000i\000h\000o\000o\000d\000\040\000E\000s\000t\000i\000m\000a\000t\000i\000o\000n\000\040\000\050\000M\000L\000E\000\051}{chapter.6}% 41
\BOOKMARK [1][]{section.6.3}{\376\377\0006\000.\0003\000\040\000L\000o\000g\000\040\000L\000o\000s\000s\000\040\000\050\000B\000i\000n\000a\000r\000y\000\040\000C\000r\000o\000s\000s\000\040\000E\000n\000t\000r\000o\000p\000y\000\051}{chapter.6}% 42
\BOOKMARK [1][]{section.6.4}{\376\377\0006\000.\0004\000\040\000G\000r\000a\000d\000i\000e\000n\000t\000\040\000D\000e\000s\000c\000e\000n\000t\000\040\000D\000e\000r\000i\000v\000a\000t\000i\000o\000n}{chapter.6}% 43
\BOOKMARK [1][]{section.6.5}{\376\377\0006\000.\0005\000\040\000P\000y\000t\000h\000o\000n\000\040\000I\000m\000p\000l\000e\000m\000e\000n\000t\000a\000t\000i\000o\000n\000\040\000\050\000F\000r\000o\000m\000\040\000S\000c\000r\000a\000t\000c\000h\000\051}{chapter.6}% 44
\BOOKMARK [0][]{chapter.7}{\376\377\0007\000\040\000M\000e\000t\000r\000i\000c\000s\000\040\000\046\000\040\000E\000v\000a\000l\000u\000a\000t\000i\000o\000n}{part.2}% 45
\BOOKMARK [1][]{section.7.1}{\376\377\0007\000.\0001\000\040\000C\000o\000n\000f\000u\000s\000i\000o\000n\000\040\000M\000a\000t\000r\000i\000x}{chapter.7}% 46
\BOOKMARK [1][]{section.7.2}{\376\377\0007\000.\0002\000\040\000A\000c\000c\000u\000r\000a\000c\000y\000:\000\040\000T\000h\000e\000\040\000T\000r\000a\000p}{chapter.7}% 47
\BOOKMARK [1][]{section.7.3}{\376\377\0007\000.\0003\000\040\000P\000r\000e\000c\000i\000s\000i\000o\000n\000\040\000a\000n\000d\000\040\000R\000e\000c\000a\000l\000l}{chapter.7}% 48
\BOOKMARK [1][]{section.7.4}{\376\377\0007\000.\0004\000\040\000F\0001\000\040\000S\000c\000o\000r\000e}{chapter.7}% 49
\BOOKMARK [1][]{section.7.5}{\376\377\0007\000.\0005\000\040\000R\000O\000C\000\040\000-\000\040\000A\000U\000C\000\040\000C\000u\000r\000v\000e}{chapter.7}% 50
\BOOKMARK [1][]{section.7.6}{\376\377\0007\000.\0006\000\040\000P\000y\000t\000h\000o\000n\000\040\000I\000m\000p\000l\000e\000m\000e\000n\000t\000a\000t\000i\000o\000n}{chapter.7}% 51
\BOOKMARK [1][]{section.7.7}{\376\377\0007\000.\0007\000\040\000I\000n\000t\000e\000r\000v\000i\000e\000w\000\040\000Q\000u\000e\000s\000t\000i\000o\000n\000s}{chapter.7}% 52
\BOOKMARK [0][]{chapter.8}{\376\377\0008\000\040\000B\000e\000y\000o\000n\000d\000\040\000B\000i\000n\000a\000r\000y\000\040\000C\000l\000a\000s\000s\000i\000f\000i\000c\000a\000t\000i\000o\000n}{part.2}% 53
\BOOKMARK [1][]{section.8.1}{\376\377\0008\000.\0001\000\040\000S\000t\000r\000a\000t\000e\000g\000i\000e\000s}{chapter.8}% 54
\BOOKMARK [1][]{section.8.2}{\376\377\0008\000.\0002\000\040\000S\000o\000f\000t\000m\000a\000x\000\040\000R\000e\000g\000r\000e\000s\000s\000i\000o\000n\000\040\000\050\000M\000u\000l\000t\000i\000n\000o\000m\000i\000a\000l\000\051}{chapter.8}% 55
\BOOKMARK [1][]{section.8.3}{\376\377\0008\000.\0003\000\040\000M\000u\000l\000t\000i\000c\000l\000a\000s\000s\000\040\000M\000e\000t\000r\000i\000c\000s}{chapter.8}% 56
\BOOKMARK [1][]{section.8.4}{\376\377\0008\000.\0004\000\040\000P\000y\000t\000h\000o\000n\000\040\000I\000m\000p\000l\000e\000m\000e\000n\000t\000a\000t\000i\000o\000n}{chapter.8}% 57
\BOOKMARK [1][]{section.8.5}{\376\377\0008\000.\0005\000\040\000I\000n\000t\000e\000r\000v\000i\000e\000w\000\040\000Q\000u\000e\000s\000t\000i\000o\000n\000s}{chapter.8}% 58
\BOOKMARK [-1][]{part.3}{\376\377\000I\000I\000I\000\040\000D\000e\000c\000i\000s\000i\000o\000n\000\040\000T\000r\000e\000e\000s}{}% 59
\BOOKMARK [0][]{chapter.9}{\376\377\0009\000\040\000D\000e\000c\000i\000s\000i\000o\000n\000\040\000T\000r\000e\000e\000\040\000I\000n\000t\000u\000i\000t\000i\000o\000n}{part.3}% 60
\BOOKMARK [1][]{section.9.1}{\376\377\0009\000.\0001\000\040\000I\000n\000t\000r\000o\000d\000u\000c\000t\000i\000o\000n}{chapter.9}% 61
\BOOKMARK [1][]{section.9.2}{\376\377\0009\000.\0002\000\040\000V\000a\000r\000i\000a\000b\000l\000e\000\040\000I\000n\000t\000u\000i\000t\000i\000o\000n\000:\000\040\000T\000h\000e\000\040\000"\0002\0000\000\040\000Q\000u\000e\000s\000t\000i\000o\000n\000s\000"\000\040\000G\000a\000m\000e}{chapter.9}% 62
\BOOKMARK [1][]{section.9.3}{\376\377\0009\000.\0003\000\040\000G\000e\000o\000m\000e\000t\000r\000i\000c\000\040\000I\000n\000t\000u\000i\000t\000i\000o\000n\000:\000\040\000S\000p\000a\000c\000e\000\040\000C\000u\000t\000t\000e\000r\000s}{chapter.9}% 63
\BOOKMARK [1][]{section.9.4}{\376\377\0009\000.\0004\000\040\000C\000A\000R\000T\000\040\000A\000l\000g\000o\000r\000i\000t\000h\000m}{chapter.9}% 64
\BOOKMARK [1][]{section.9.5}{\376\377\0009\000.\0005\000\040\000P\000r\000o\000s\000\040\000a\000n\000d\000\040\000C\000o\000n\000s}{chapter.9}% 65
\BOOKMARK [1][]{section.9.6}{\376\377\0009\000.\0006\000\040\000I\000n\000t\000e\000r\000v\000i\000e\000w\000\040\000Q\000u\000e\000s\000t\000i\000o\000n\000s}{chapter.9}% 66
\BOOKMARK [0][]{chapter.10}{\376\377\0001\0000\000\040\000B\000u\000i\000l\000d\000i\000n\000g\000\040\000t\000h\000e\000\040\000T\000r\000e\000e\000\040\000\050\000C\000A\000R\000T\000\051}{part.3}% 67
\BOOKMARK [1][]{section.10.1}{\376\377\0001\0000\000.\0001\000\040\000I\000m\000p\000u\000r\000i\000t\000y\000\040\000M\000e\000t\000r\000i\000c\000s}{chapter.10}% 68
\BOOKMARK [1][]{section.10.2}{\376\377\0001\0000\000.\0002\000\040\000T\000h\000e\000\040\000S\000p\000l\000i\000t\000t\000i\000n\000g\000\040\000A\000l\000g\000o\000r\000i\000t\000h\000m\000\040\000\050\000G\000r\000e\000e\000d\000y\000\051}{chapter.10}% 69
\BOOKMARK [1][]{section.10.3}{\376\377\0001\0000\000.\0003\000\040\000H\000a\000n\000d\000l\000i\000n\000g\000\040\000T\000y\000p\000e\000s\000\040\000o\000f\000\040\000D\000a\000t\000a}{chapter.10}% 70
\BOOKMARK [1][]{section.10.4}{\376\377\0001\0000\000.\0004\000\040\000I\000n\000t\000e\000r\000v\000i\000e\000w\000\040\000Q\000u\000e\000s\000t\000i\000o\000n\000s}{chapter.10}% 71
\BOOKMARK [0][]{chapter.11}{\376\377\0001\0001\000\040\000P\000r\000u\000n\000i\000n\000g\000\040\000\046\000\040\000P\000r\000a\000c\000t\000i\000c\000a\000l\000i\000t\000i\000e\000s}{part.3}% 72
\BOOKMARK [1][]{section.11.1}{\376\377\0001\0001\000.\0001\000\040\000O\000v\000e\000r\000f\000i\000t\000t\000i\000n\000g\000\040\000v\000s\000\040\000U\000n\000d\000e\000r\000f\000i\000t\000t\000i\000n\000g}{chapter.11}% 73
\BOOKMARK [1][]{section.11.2}{\376\377\0001\0001\000.\0002\000\040\000P\000r\000e\000-\000P\000r\000u\000n\000i\000n\000g\000\040\000\050\000E\000a\000r\000l\000y\000\040\000S\000t\000o\000p\000p\000i\000n\000g\000\051}{chapter.11}% 74
\BOOKMARK [1][]{section.11.3}{\376\377\0001\0001\000.\0003\000\040\000P\000o\000s\000t\000-\000P\000r\000u\000n\000i\000n\000g\000\040\000\050\000C\000o\000s\000t\000\040\000C\000o\000m\000p\000l\000e\000x\000i\000t\000y\000\051}{chapter.11}% 75
\BOOKMARK [1][]{section.11.4}{\376\377\0001\0001\000.\0004\000\040\000P\000y\000t\000h\000o\000n\000\040\000I\000m\000p\000l\000e\000m\000e\000n\000t\000a\000t\000i\000o\000n}{chapter.11}% 76
\BOOKMARK [1][]{section.11.5}{\376\377\0001\0001\000.\0005\000\040\000I\000n\000t\000e\000r\000v\000i\000e\000w\000\040\000Q\000u\000e\000s\000t\000i\000o\000n\000s}{chapter.11}% 77
\BOOKMARK [-1][]{part.4}{\376\377\000I\000V\000\040\000S\000u\000p\000p\000o\000r\000t\000\040\000V\000e\000c\000t\000o\000r\000\040\000M\000a\000c\000h\000i\000n\000e\000s}{}% 78
\BOOKMARK [0][]{chapter.12}{\376\377\0001\0002\000\040\000S\000V\000M\000\040\000I\000n\000t\000u\000i\000t\000i\000o\000n}{part.4}% 79
\BOOKMARK [1][]{section.12.1}{\376\377\0001\0002\000.\0001\000\040\000I\000n\000t\000r\000o\000d\000u\000c\000t\000i\000o\000n}{chapter.12}% 80
\BOOKMARK [1][]{section.12.2}{\376\377\0001\0002\000.\0002\000\040\000G\000e\000o\000m\000e\000t\000r\000i\000c\000\040\000I\000n\000t\000u\000i\000t\000i\000o\000n\000:\000\040\000T\000h\000e\000\040\000R\000o\000a\000d\000\040\000a\000n\000d\000\040\000G\000u\000t\000t\000e\000r}{chapter.12}% 81
\BOOKMARK [1][]{section.12.3}{\376\377\0001\0002\000.\0003\000\040\000T\000e\000r\000m\000i\000n\000o\000l\000o\000g\000y}{chapter.12}% 82
\BOOKMARK [1][]{section.12.4}{\376\377\0001\0002\000.\0004\000\040\000S\000V\000M\000\040\000v\000s\000\040\000L\000o\000g\000i\000s\000t\000i\000c\000\040\000R\000e\000g\000r\000e\000s\000s\000i\000o\000n}{chapter.12}% 83
\BOOKMARK [1][]{section.12.5}{\376\377\0001\0002\000.\0005\000\040\000I\000n\000t\000e\000r\000v\000i\000e\000w\000\040\000Q\000u\000e\000s\000t\000i\000o\000n\000s}{chapter.12}% 84
\BOOKMARK [0][]{chapter.13}{\376\377\0001\0003\000\040\000M\000a\000t\000h\000e\000m\000a\000t\000i\000c\000a\000l\000\040\000F\000o\000r\000m\000u\000l\000a\000t\000i\000o\000n}{part.4}% 85
\BOOKMARK [1][]{section.13.1}{\376\377\0001\0003\000.\0001\000\040\000H\000a\000r\000d\000\040\000M\000a\000r\000g\000i\000n\000\040\000S\000V\000M}{chapter.13}% 86
\BOOKMARK [1][]{section.13.2}{\376\377\0001\0003\000.\0002\000\040\000S\000o\000f\000t\000\040\000M\000a\000r\000g\000i\000n\000\040\000S\000V\000M}{chapter.13}% 87
\BOOKMARK [1][]{section.13.3}{\376\377\0001\0003\000.\0003\000\040\000H\000i\000n\000g\000e\000\040\000L\000o\000s\000s}{chapter.13}% 88
\BOOKMARK [1][]{section.13.4}{\376\377\0001\0003\000.\0004\000\040\000T\000h\000e\000\040\000K\000e\000r\000n\000e\000l\000\040\000T\000r\000i\000c\000k}{chapter.13}% 89
\BOOKMARK [1][]{section.13.5}{\376\377\0001\0003\000.\0005\000\040\000I\000n\000t\000e\000r\000v\000i\000e\000w\000\040\000Q\000u\000e\000s\000t\000i\000o\000n\000s}{chapter.13}% 90
\BOOKMARK [-1][]{part.5}{\376\377\000V\000\040\000K\000-\000N\000e\000a\000r\000e\000s\000t\000\040\000N\000e\000i\000g\000h\000b\000o\000r\000s}{}% 91
\BOOKMARK [0][]{chapter.14}{\376\377\0001\0004\000\040\000K\000N\000N\000\040\000I\000n\000t\000u\000i\000t\000i\000o\000n}{part.5}% 92
\BOOKMARK [1][]{section.14.1}{\376\377\0001\0004\000.\0001\000\040\000I\000n\000t\000r\000o\000d\000u\000c\000t\000i\000o\000n}{chapter.14}% 93
\BOOKMARK [1][]{section.14.2}{\376\377\0001\0004\000.\0002\000\040\000T\000h\000e\000\040\000A\000l\000g\000o\000r\000i\000t\000h\000m}{chapter.14}% 94
\BOOKMARK [1][]{section.14.3}{\376\377\0001\0004\000.\0003\000\040\000D\000i\000s\000t\000a\000n\000c\000e\000\040\000M\000e\000t\000r\000i\000c\000s}{chapter.14}% 95
\BOOKMARK [1][]{section.14.4}{\376\377\0001\0004\000.\0004\000\040\000C\000h\000o\000o\000s\000i\000n\000g\000\040\000K\000\040\000\050\000H\000y\000p\000e\000r\000p\000a\000r\000a\000m\000e\000t\000e\000r\000\051}{chapter.14}% 96
\BOOKMARK [1][]{section.14.5}{\376\377\0001\0004\000.\0005\000\040\000I\000n\000t\000e\000r\000v\000i\000e\000w\000\040\000Q\000u\000e\000s\000t\000i\000o\000n\000s}{chapter.14}% 97
\BOOKMARK [0][]{chapter.15}{\376\377\0001\0005\000\040\000T\000h\000e\000\040\000C\000u\000r\000s\000e\000\040\000o\000f\000\040\000D\000i\000m\000e\000n\000s\000i\000o\000n\000a\000l\000i\000t\000y}{part.5}% 98
\BOOKMARK [1][]{section.15.1}{\376\377\0001\0005\000.\0001\000\040\000T\000h\000e\000\040\000C\000o\000n\000c\000e\000p\000t}{chapter.15}% 99
\BOOKMARK [1][]{section.15.2}{\376\377\0001\0005\000.\0002\000\040\000T\000h\000e\000\040\000S\000p\000a\000r\000s\000i\000t\000y\000\040\000P\000r\000o\000b\000l\000e\000m}{chapter.15}% 100
\BOOKMARK [1][]{section.15.3}{\376\377\0001\0005\000.\0003\000\040\000D\000i\000s\000t\000a\000n\000c\000e\000\040\000C\000o\000n\000c\000e\000n\000t\000r\000a\000t\000i\000o\000n}{chapter.15}% 101
\BOOKMARK [1][]{section.15.4}{\376\377\0001\0005\000.\0004\000\040\000C\000o\000m\000p\000a\000r\000i\000s\000o\000n\000:\000\040\000L\000a\000z\000y\000\040\000v\000s\000\040\000E\000a\000g\000e\000r}{chapter.15}% 102
\BOOKMARK [1][]{section.15.5}{\376\377\0001\0005\000.\0005\000\040\000S\000o\000l\000u\000t\000i\000o\000n}{chapter.15}% 103
\BOOKMARK [1][]{section.15.6}{\376\377\0001\0005\000.\0006\000\040\000I\000n\000t\000e\000r\000v\000i\000e\000w\000\040\000Q\000u\000e\000s\000t\000i\000o\000n\000s}{chapter.15}% 104
\BOOKMARK [-1][]{part.6}{\376\377\000V\000I\000\040\000N\000a\000i\000v\000e\000\040\000B\000a\000y\000e\000s}{}% 105
\BOOKMARK [0][]{chapter.16}{\376\377\0001\0006\000\040\000P\000r\000o\000b\000a\000b\000i\000l\000i\000t\000y\000\040\000F\000o\000u\000n\000d\000a\000t\000i\000o\000n\000s}{part.6}% 106
\BOOKMARK [1][]{section.16.1}{\376\377\0001\0006\000.\0001\000\040\000C\000o\000n\000d\000i\000t\000i\000o\000n\000a\000l\000\040\000P\000r\000o\000b\000a\000b\000i\000l\000i\000t\000y}{chapter.16}% 107
\BOOKMARK [1][]{section.16.2}{\376\377\0001\0006\000.\0002\000\040\000B\000a\000y\000e\000s\000'\000\040\000T\000h\000e\000o\000r\000e\000m}{chapter.16}% 108
\BOOKMARK [1][]{section.16.3}{\376\377\0001\0006\000.\0003\000\040\000T\000h\000e\000\040\000M\000e\000d\000i\000c\000a\000l\000\040\000T\000e\000s\000t\000\040\000P\000a\000r\000a\000d\000o\000x}{chapter.16}% 109
\BOOKMARK [0][]{chapter.17}{\376\377\0001\0007\000\040\000N\000a\000i\000v\000e\000\040\000B\000a\000y\000e\000s\000\040\000A\000l\000g\000o\000r\000i\000t\000h\000m\000s}{part.6}% 110
\BOOKMARK [1][]{section.17.1}{\376\377\0001\0007\000.\0001\000\040\000T\000h\000e\000\040\000"\000N\000a\000i\000v\000e\000"\000\040\000A\000s\000s\000u\000m\000p\000t\000i\000o\000n}{chapter.17}% 111
\BOOKMARK [1][]{section.17.2}{\376\377\0001\0007\000.\0002\000\040\000L\000a\000p\000l\000a\000c\000e\000\040\000S\000m\000o\000o\000t\000h\000i\000n\000g}{chapter.17}% 112
\BOOKMARK [1][]{section.17.3}{\376\377\0001\0007\000.\0003\000\040\000V\000a\000r\000i\000a\000n\000t\000s\000\040\000o\000f\000\040\000N\000a\000i\000v\000e\000\040\000B\000a\000y\000e\000s}{chapter.17}% 113
\BOOKMARK [1][]{section.17.4}{\376\377\0001\0007\000.\0004\000\040\000I\000n\000t\000e\000r\000v\000i\000e\000w\000\040\000Q\000u\000e\000s\000t\000i\000o\000n\000s}{chapter.17}% 114
